0 info it worked if it ends with ok
1 verbose cli [
1 verbose cli   'C:\\Programme\\nodejs\\node.exe',
1 verbose cli   'C:\\Programme\\nodejs\\node_modules\\npm\\bin\\npm-cli.js',
1 verbose cli   'install',
1 verbose cli   '--save',
1 verbose cli   'assests/custom.scss'
1 verbose cli ]
2 info using npm@6.13.4
3 info using node@v12.14.1
4 verbose npm-session 2db44cf7d40c59b2
5 silly install loadCurrentTree
6 silly install readLocalPackageData
7 silly fetchPackageMetaData error for github:assests/custom.scss Error while executing:
7 silly fetchPackageMetaData C:\Programme\Git\cmd\git.EXE ls-remote -h -t ssh://git@github.com/assests/custom.scss.git
7 silly fetchPackageMetaData
7 silly fetchPackageMetaData ssh: Could not resolve hostname github.com: Name or service not known
7 silly fetchPackageMetaData fatal: Could not read from remote repository.
7 silly fetchPackageMetaData
7 silly fetchPackageMetaData Please make sure you have the correct access rights
7 silly fetchPackageMetaData and the repository exists.
7 silly fetchPackageMetaData
7 silly fetchPackageMetaData exited with error code: 128
8 timing stage:rollbackFailedOptional Completed in 1ms
9 timing stage:runTopLevelLifecycles Completed in 4363ms
10 verbose stack Error: exited with error code: 128
10 verbose stack     at ChildProcess.<anonymous> (C:\Program Files\nodejs\node_modules\npm\node_modules\pacote\lib\util\finished.js:12:19)
10 verbose stack     at ChildProcess.emit (events.js:223:5)
10 verbose stack     at maybeClose (internal/child_process.js:1021:16)
10 verbose stack     at Socket.<anonymous> (internal/child_process.js:430:11)
10 verbose stack     at Socket.emit (events.js:223:5)
10 verbose stack     at Pipe.<anonymous> (net.js:664:12)
11 verbose cwd C:\Users\mgolob\PhpstormProjects\elements2
12 verbose Windows_NT 10.0.17134
13 verbose argv "C:\\Programme\\nodejs\\node.exe" "C:\\Programme\\nodejs\\node_modules\\npm\\bin\\npm-cli.js" "install" "--save" "assests/custom.scss"
14 verbose node v12.14.1
15 verbose npm  v6.13.4
16 error Error while executing:
16 error C:\Programme\Git\cmd\git.EXE ls-remote -h -t ssh://git@github.com/assests/custom.scss.git
16 error
16 error ssh: Could not resolve hostname github.com: Name or service not known
16 error fatal: Could not read from remote repository.
16 error
16 error Please make sure you have the correct access rights
16 error and the repository exists.
16 error
16 error exited with error code: 128
17 verbose exit [ 1, true ]
